2025-05-16 14:00:23 - DEBUG - utils.ssh_manager - 尝试SSH连接 (第1次)
2025-05-16 14:00:33 - ERROR - utils.ssh_manager - 第一次ssh连接失败: No existing session
2025-05-16 14:00:35 - DEBUG - utils.ssh_manager - SSH连接检查失败: 
2025-05-16 14:00:35 - DEBUG - utils.ssh_manager - 尝试SSH连接 (第2次)
2025-05-16 14:00:35 - DEBUG - utils.ssh_manager - 关闭可能存在的旧连接
2025-05-16 14:00:46 - INFO - utils.ssh_manager - SSH连接成功
2025-05-16 14:00:46 - DEBUG - utils.get_latest_image - 图片将保存到目录: E:\python\vp_180\frontend\public\img
2025-05-16 14:00:46 - DEBUG - utils.get_latest_image - 临时文件将保存到目录: E:\python\vp_180\frontend\public\img\temp
2025-05-16 14:00:46 - DEBUG - utils.get_latest_screenshot - 截图将保存到目录: E:\python\vp_180\frontend\public\screenshot
2025-05-16 14:00:46 - DEBUG - utils.get_latest_screenshot - 临时文件将保存到目录: E:\python\vp_180\frontend\public\screenshot\temp
2025-05-16 14:00:46 - INFO - utils.test_case_executor - 当前执行测试用例名称: 假，测试用例ID: 15，重复次数: 1
2025-05-16 14:00:46 - INFO - utils.test_case_executor - 执行第 1/1 次测试
2025-05-16 14:00:46 - DEBUG - utils.get_latest_screenshot - 点击保存截图按钮
2025-05-16 14:00:46 - DEBUG - utils.button_clicker - 点击保存截图按钮 (7499, 6078)
2025-05-16 14:00:46 - DEBUG - utils.button_clicker - 执行命令: python3 /app/jzj/touch_click.py 7499 6078
2025-05-16 14:00:46 - DEBUG - utils.button_clicker - 点击按钮成功: ✅ 短按触摸事件已发送: X=7499, Y=6078
2025-05-16 14:00:47 - DEBUG - utils.get_latest_screenshot - 检查远程目录结构
2025-05-16 14:00:47 - DEBUG - utils.get_latest_screenshot - 找到最新截图文件: /ue/ue_harddisk/ue_data/2505161334/140046906.tiff
2025-05-16 14:00:47 - DEBUG - utils.get_latest_screenshot - 开始下载截图文件
2025-05-16 14:00:47 - DEBUG - utils.get_latest_screenshot - 解码截图数据
2025-05-16 14:00:47 - DEBUG - utils.get_latest_screenshot - 保存临时TIFF文件到: E:\python\vp_180\frontend\public\screenshot\temp\temp_0b88160bf7ca480188daea5ba42601aa_140046906.tiff
2025-05-16 14:00:47 - DEBUG - utils.get_latest_screenshot - 临时TIFF文件保存成功，开始转换为PNG格式
2025-05-16 14:00:47 - DEBUG - utils.get_latest_screenshot - 已保存PNG图像到: E:\python\vp_180\frontend\public\screenshot\id_15_20250516140047.png
2025-05-16 14:00:47 - DEBUG - utils.get_latest_screenshot - 删除临时TIFF文件: E:\python\vp_180\frontend\public\screenshot\temp\temp_0b88160bf7ca480188daea5ba42601aa_140046906.tiff
2025-05-16 14:00:47 - DEBUG - utils.get_latest_screenshot - 已删除临时TIFF文件
2025-05-16 14:00:47 - DEBUG - utils.get_latest_screenshot - 截图获取成功
2025-05-16 14:00:47 - INFO - utils.test_case_executor - 保存操作步骤 1 的结果数据
2025-05-16 14:00:47 - DEBUG - utils.button_clicker - 点击电子放大按钮 (3749, 3999)
2025-05-16 14:00:47 - DEBUG - utils.button_clicker - 执行命令: python3 /app/jzj/touch_click.py 3749 3999
2025-05-16 14:00:47 - DEBUG - utils.button_clicker - 点击按钮成功: ✅ 短按触摸事件已发送: X=3749, Y=3999
2025-05-16 14:00:47 - DEBUG - utils.get_latest_screenshot - 点击保存截图按钮
2025-05-16 14:00:47 - DEBUG - utils.button_clicker - 点击保存截图按钮 (7499, 6078)
2025-05-16 14:00:47 - DEBUG - utils.button_clicker - 执行命令: python3 /app/jzj/touch_click.py 7499 6078
2025-05-16 14:00:47 - DEBUG - utils.button_clicker - 点击按钮成功: ✅ 短按触摸事件已发送: X=7499, Y=6078
2025-05-16 14:00:48 - DEBUG - utils.get_latest_screenshot - 检查远程目录结构
2025-05-16 14:00:48 - DEBUG - utils.get_latest_screenshot - 找到最新截图文件: /ue/ue_harddisk/ue_data/2505161334/140048233.tiff
2025-05-16 14:00:48 - DEBUG - utils.get_latest_screenshot - 开始下载截图文件
2025-05-16 14:00:48 - DEBUG - utils.get_latest_screenshot - 解码截图数据
2025-05-16 14:00:48 - DEBUG - utils.get_latest_screenshot - 保存临时TIFF文件到: E:\python\vp_180\frontend\public\screenshot\temp\temp_8caa79e2f834408a97aff4e50e79db4a_140048233.tiff
2025-05-16 14:00:48 - DEBUG - utils.get_latest_screenshot - 临时TIFF文件保存成功，开始转换为PNG格式
2025-05-16 14:00:48 - DEBUG - utils.get_latest_screenshot - 已保存PNG图像到: E:\python\vp_180\frontend\public\screenshot\id_15_20250516140048.png
2025-05-16 14:00:48 - DEBUG - utils.get_latest_screenshot - 删除临时TIFF文件: E:\python\vp_180\frontend\public\screenshot\temp\temp_8caa79e2f834408a97aff4e50e79db4a_140048233.tiff
2025-05-16 14:00:48 - DEBUG - utils.get_latest_screenshot - 已删除临时TIFF文件
2025-05-16 14:00:48 - DEBUG - utils.get_latest_screenshot - 截图获取成功
2025-05-16 14:00:48 - INFO - utils.test_case_executor - 保存操作步骤 3 的结果数据
2025-05-16 14:00:48 - INFO - utils.test_case_executor - 开始执行验证步骤，共 1 个验证步骤
2025-05-16 14:00:48 - INFO - utils.test_case_executor - 执行验证步骤: 对比图像相似度 (ID: 1)
2025-05-16 14:00:48 - INFO - utils.test_case_executor - 从操作步骤 1 获取到截图1
2025-05-16 14:00:48 - INFO - utils.test_case_executor - 从操作步骤 3 获取到截图2
2025-05-16 14:00:48 - INFO - utils.image_comparator - SSIM 相似度: 0.9085
2025-05-16 14:00:48 - INFO - utils.image_comparator - 图像的相似度较合理,测试 通过(SSIM 值: 0.9085, 阈值范围: 0.80 - 0.98)
2025-05-16 14:00:48 - INFO - utils.test_case_executor - 图像对比完成 (SSIM相似度): 结果: True
2025-05-16 14:00:48 - INFO - utils.test_case_executor - 验证步骤结果: True - 图像对比完成 (SSIM相似度): 结果: 通过
2025-05-16 14:00:48 - INFO - utils.test_case_executor - 验证步骤执行完成，结果: 测试通过
2025-05-16 14:00:48 - INFO - utils.test_case_executor - 测试用例 假 执行完成，共执行 1 次，最终状态: 通过
