14:07:39 - INFO - SSH管理器初始化完成
14:07:39 - INFO - 开始建立新的SSH连接...
14:07:50 - INFO - SSH连接成功
14:07:51 - INFO - 初始化 GetLatestImage 实例
14:07:51 - INFO - 本地图像保存目录: E:\python\vp_180\img
14:07:51 - INFO - SSH已连接
14:07:51 - INFO - 初始化 GetLatestImage 实例
14:07:51 - INFO - 本地图像保存目录: E:\python\vp_180\img
14:07:51 - INFO - SSH已连接
14:07:51 - INFO - 初始化 GetLatestImage 实例
14:07:51 - INFO - 本地图像保存目录: E:\python\vp_180\img
14:07:51 - INFO - 点击初始存图按钮按钮 (8718, 3359)
14:07:51 - INFO - 执行命令: python3 /app/jzj/touch_click.py 8718 3359
14:07:51 - ERROR - 点击按钮出错: python3: can't open file '/app/jzj/touch_click.py': [Errno 2] No such file or directory
14:07:52 - INFO - 检查远程目录结构
14:07:52 - INFO - 找到以下图像文件: ['/ue/ue_harddisk/ue_data/7001011030/B/103020771.tiff', '/ue/ue_harddisk/ue_data/7001010903/A/090326065.tiff', '/ue/ue_harddisk/ue_data/7001010830/A/083456718.tiff', '/ue/ue_harddisk/ue_data/7001010830/A/083111656.tiff', '/ue/ue_harddisk/ue_data/7001010830/A/083110938.tiff']
14:07:52 - INFO - 找到最新图像文件: /ue/ue_harddisk/ue_data/7001011030/B/103020771.tiff
14:07:52 - INFO - 开始下载图像文件
14:07:52 - INFO - 解码并保存图像
14:07:52 - INFO - 已保存图像到: E:\python\vp_180\img\Test_Zoom_20250324140752.tiff
14:07:52 - INFO - 读取图像数据
14:07:52 - INFO - 图像获取成功
14:07:52 - INFO - 点击放大按钮按钮 (3749, 3999)
14:07:52 - INFO - 执行命令: python3 /app/jzj/touch_click.py 3749 3999
14:07:53 - ERROR - 点击按钮出错: python3: can't open file '/app/jzj/touch_click.py': [Errno 2] No such file or directory
14:07:54 - INFO - 点击存放大图按钮按钮 (8718, 3359)
14:07:54 - INFO - 执行命令: python3 /app/jzj/touch_click.py 8718 3359
14:07:54 - ERROR - 点击按钮出错: python3: can't open file '/app/jzj/touch_click.py': [Errno 2] No such file or directory
14:07:55 - INFO - 检查远程目录结构
14:07:55 - INFO - 找到以下图像文件: ['/ue/ue_harddisk/ue_data/7001011030/B/103020771.tiff', '/ue/ue_harddisk/ue_data/7001010903/A/090326065.tiff', '/ue/ue_harddisk/ue_data/7001010830/A/083456718.tiff', '/ue/ue_harddisk/ue_data/7001010830/A/083111656.tiff', '/ue/ue_harddisk/ue_data/7001010830/A/083110938.tiff']
14:07:55 - INFO - 找到最新图像文件: /ue/ue_harddisk/ue_data/7001011030/B/103020771.tiff
14:07:55 - INFO - 开始下载图像文件
14:07:55 - INFO - 解码并保存图像
14:07:55 - INFO - 已保存图像到: E:\python\vp_180\img\Test_Zoom_20250324140755.tiff
14:07:55 - INFO - 读取图像数据
14:07:55 - INFO - 图像获取成功
14:07:55 - INFO - 开始 ORB 关键点检测
14:07:55 - INFO - 创建 ORB 检测器成功
14:07:55 - INFO - 图像1关键点数量: 2
14:07:55 - INFO - 图像2关键点数量: 2
14:07:55 - INFO - ORB 匹配点数量: 2
14:07:55 - INFO - 图像已放大 (匹配点数量<25)
14:07:55 - INFO - SSIM 相似度: 1.0000
14:07:55 - INFO - 图像的相似度不合理,测试 不通过(SSIM 值: 1.0000, 阈值范围: 0.80 - 0.98)
14:07:55 - INFO - SSH连接已关闭




14:11:13 - INFO - SSH连接成功
14:11:14 - INFO - 初始化 GetLatestImage 实例
14:11:14 - INFO - 本地图像保存目录: E:\python\vp_180\img
14:11:14 - INFO - SSH已连接
14:11:14 - INFO - 初始化 GetLatestImage 实例
14:11:14 - INFO - 本地图像保存目录: E:\python\vp_180\img
14:11:14 - INFO - SSH已连接
14:11:14 - INFO - 初始化 GetLatestImage 实例
14:11:14 - INFO - 本地图像保存目录: E:\python\vp_180\img
14:11:14 - INFO - 点击初始存图按钮按钮 (8718, 3359)
14:11:14 - INFO - 执行命令: python3 /app/jzj/touch_click.py 8718 3359
14:11:14 - INFO - 点击按钮成功: ✅ 触摸事件已发送: X=8718, Y=3359
14:11:15 - INFO - 检查远程目录结构
14:11:15 - INFO - 找到以下图像文件: ['/ue/ue_harddisk/ue_data/7001011030/B/103020771.tiff', '/ue/ue_harddisk/ue_data/7001010903/A/090326065.tiff', '/ue/ue_harddisk/ue_data/7001010830/A/083456718.tiff', '/ue/ue_harddisk/ue_data/7001010830/A/083111656.tiff', '/ue/ue_harddisk/ue_data/7001010830/A/083110938.tiff']
14:11:15 - INFO - 找到最新图像文件: /ue/ue_harddisk/ue_data/7001011030/B/103020771.tiff
14:11:15 - INFO - 开始下载图像文件
14:11:16 - INFO - 解码并保存图像
14:11:16 - INFO - 已保存图像到: E:\python\vp_180\img\Test_Zoom_20250324141115.tiff
14:11:16 - INFO - 读取图像数据
14:11:16 - INFO - 图像获取成功
14:11:16 - INFO - 点击放大按钮按钮 (3749, 3999)
14:11:16 - INFO - 执行命令: python3 /app/jzj/touch_click.py 3749 3999
14:11:16 - INFO - 点击按钮成功: ✅ 触摸事件已发送: X=3749, Y=3999
14:11:17 - INFO - 点击存放大图按钮按钮 (8718, 3359)
14:11:17 - INFO - 执行命令: python3 /app/jzj/touch_click.py 8718 3359
14:11:17 - INFO - 点击按钮成功: ✅ 触摸事件已发送: X=8718, Y=3359
14:11:18 - INFO - 检查远程目录结构
14:11:18 - INFO - 找到以下图像文件: ['/ue/ue_harddisk/ue_data/7001011030/B/103020771.tiff', '/ue/ue_harddisk/ue_data/7001010903/A/090326065.tiff', '/ue/ue_harddisk/ue_data/7001010830/A/083456718.tiff', '/ue/ue_harddisk/ue_data/7001010830/A/083111656.tiff', '/ue/ue_harddisk/ue_data/7001010830/A/083110938.tiff']
14:11:18 - INFO - 找到最新图像文件: /ue/ue_harddisk/ue_data/7001011030/B/103020771.tiff
14:11:18 - INFO - 开始下载图像文件
14:11:18 - INFO - 解码并保存图像
14:11:18 - INFO - 已保存图像到: E:\python\vp_180\img\Test_Zoom_20250324141118.tiff
14:11:18 - INFO - 读取图像数据
14:11:18 - INFO - 图像获取成功
14:11:18 - INFO - 开始 ORB 关键点检测
14:11:18 - INFO - 创建 ORB 检测器成功
14:11:18 - INFO - 图像1关键点数量: 2
14:11:18 - INFO - 图像2关键点数量: 2
14:11:18 - INFO - ORB 匹配点数量: 2
14:11:18 - INFO - 图像已放大 (匹配点数量<25)
14:11:18 - INFO - SSIM 相似度: 1.0000
14:11:18 - INFO - 图像的相似度不合理,测试 不通过(SSIM 值: 1.0000, 阈值范围: 0.80 - 0.98)
14:11:18 - INFO - SSH连接已关闭



14:20:02 - INFO - SSH管理器初始化完成
14:20:02 - INFO - 开始建立新的SSH连接...
14:20:12 - INFO - SSH连接成功
14:20:13 - INFO - 初始化 GetLatestImage 实例
14:20:13 - INFO - 本地图像保存目录: E:\python\vp_180\img
14:20:14 - INFO - SSH已连接
14:20:14 - INFO - 初始化 GetLatestImage 实例
14:20:14 - INFO - 本地图像保存目录: E:\python\vp_180\img
14:20:14 - INFO - SSH已连接
14:20:14 - INFO - 初始化 GetLatestImage 实例
14:20:14 - INFO - 本地图像保存目录: E:\python\vp_180\img
14:20:14 - INFO - 点击初始存图按钮按钮 (8718, 3359)
14:20:14 - INFO - 执行命令: python3 /app/jzj/touch_click.py 8718 3359
14:20:14 - INFO - 点击按钮成功: ✅ 触摸事件已发送: X=8718, Y=3359
14:20:15 - INFO - 检查远程目录结构
14:20:15 - INFO - 找到以下图像文件: ['/ue/ue_harddisk/ue_data/7001011030/B/103020771.tiff', '/ue/ue_harddisk/ue_data/7001010903/A/090326065.tiff', '/ue/ue_harddisk/ue_data/7001010830/A/083456718.tiff', '/ue/ue_harddisk/ue_data/7001010830/A/083111656.tiff', '/ue/ue_harddisk/ue_data/7001010830/A/083110938.tiff']
14:20:15 - INFO - 找到最新图像文件: /ue/ue_harddisk/ue_data/7001011030/B/103020771.tiff
14:20:15 - INFO - 开始下载图像文件
14:20:15 - INFO - 解码并保存图像
14:20:15 - INFO - 已保存图像到: E:\python\vp_180\img\Test_Zoom_20250324142015.tiff
14:20:15 - INFO - 读取图像数据
14:20:16 - INFO - 图像获取成功
14:20:16 - INFO - 点击放大按钮按钮 (3749, 3999)
14:20:16 - INFO - 执行命令: python3 /app/jzj/touch_click.py 3749 3999
14:20:16 - INFO - 点击按钮成功: ✅ 触摸事件已发送: X=3749, Y=3999
14:20:17 - INFO - 点击存放大图按钮按钮 (8718, 3359)
14:20:17 - INFO - 执行命令: python3 /app/jzj/touch_click.py 8718 3359
14:20:17 - INFO - 点击按钮成功: ✅ 触摸事件已发送: X=8718, Y=3359
14:20:18 - INFO - 检查远程目录结构
14:20:18 - INFO - 找到以下图像文件: ['/ue/ue_harddisk/ue_data/7001011030/B/103020771.tiff', '/ue/ue_harddisk/ue_data/7001010903/A/090326065.tiff', '/ue/ue_harddisk/ue_data/7001010830/A/083456718.tiff', '/ue/ue_harddisk/ue_data/7001010830/A/083111656.tiff', '/ue/ue_harddisk/ue_data/7001010830/A/083110938.tiff']
14:20:18 - INFO - 找到最新图像文件: /ue/ue_harddisk/ue_data/7001011030/B/103020771.tiff
14:20:18 - INFO - 开始下载图像文件
14:20:18 - INFO - 解码并保存图像
14:20:18 - INFO - 已保存图像到: E:\python\vp_180\img\Test_Zoom_20250324142018.tiff
14:20:18 - INFO - 读取图像数据
14:20:18 - INFO - 图像获取成功
14:20:18 - INFO - 开始 ORB 关键点检测
14:20:18 - INFO - 创建 ORB 检测器成功
14:20:18 - INFO - 图像1关键点数量: 2
14:20:18 - INFO - 图像2关键点数量: 2
14:20:18 - INFO - ORB 匹配点数量: 2
14:20:18 - INFO - 图像已放大 (匹配点数量<25)
14:20:18 - INFO - SSIM 相似度: 1.0000
14:20:18 - INFO - 图像的相似度不合理,测试 不通过(SSIM 值: 1.0000, 阈值范围: 0.80 - 0.98)
14:20:18 - INFO - SSH连接已关闭
14:15:03 - INFO - 成功加载FUNCTIONS配置
14:15:09 - INFO - 成功加载FUNCTIONS配置
14:17:54 - INFO - 成功加载FUNCTIONS配置
14:17:56 - INFO - 成功加载FUNCTIONS配置
14:19:06 - INFO - 成功加载FUNCTIONS配置
14:19:08 - INFO - 成功加载FUNCTIONS配置
14:20:42 - INFO - 成功加载FUNCTIONS配置
14:20:46 - INFO - 成功加载FUNCTIONS配置
14:21:30 - INFO - 成功加载FUNCTIONS配置
14:21:33 - INFO - 成功加载FUNCTIONS配置
14:28:06 - INFO - 成功加载FUNCTIONS配置
14:28:09 - INFO - 成功加载FUNCTIONS配置
14:29:30 - INFO - 成功加载FUNCTIONS配置
14:29:33 - INFO - 成功加载FUNCTIONS配置
14:34:53 - INFO - 成功加载FUNCTIONS配置
14:34:56 - INFO - 成功加载FUNCTIONS配置
14:41:46 - INFO - 成功加载FUNCTIONS配置
14:41:49 - INFO - 成功加载FUNCTIONS配置
14:43:51 - INFO - 成功加载FUNCTIONS配置
14:43:54 - INFO - 成功加载FUNCTIONS配置
14:45:47 - INFO - 成功加载FUNCTIONS配置
14:45:50 - INFO - 成功加载FUNCTIONS配置
14:47:19 - INFO - 成功加载FUNCTIONS配置
14:50:38 - INFO - 成功加载FUNCTIONS配置
14:52:06 - INFO - 成功加载FUNCTIONS配置
14:54:10 - INFO - 成功加载FUNCTIONS配置
14:54:13 - INFO - 成功加载FUNCTIONS配置
14:58:39 - INFO - 成功加载FUNCTIONS配置
15:03:42 - INFO - 成功加载FUNCTIONS配置
15:03:50 - INFO - 成功加载FUNCTIONS配置
15:04:04 - INFO - 成功加载FUNCTIONS配置
15:06:09 - INFO - 成功加载FUNCTIONS配置
15:07:36 - INFO - 成功加载FUNCTIONS配置
15:08:49 - INFO - 成功加载FUNCTIONS配置
15:08:52 - INFO - 成功加载FUNCTIONS配置
15:10:21 - INFO - 成功加载FUNCTIONS配置
15:10:29 - INFO - 成功加载FUNCTIONS配置
15:10:32 - INFO - 成功加载FUNCTIONS配置
15:13:47 - INFO - 成功加载FUNCTIONS配置
15:14:00 - INFO - 成功加载FUNCTIONS配置
15:14:38 - INFO - 成功加载FUNCTIONS配置
15:15:01 - INFO - 成功加载FUNCTIONS配置
15:15:04 - INFO - 成功加载FUNCTIONS配置
15:16:20 - INFO - 成功加载FUNCTIONS配置
15:17:16 - INFO - 成功加载FUNCTIONS配置
15:17:37 - INFO - 成功加载FUNCTIONS配置
15:18:22 - INFO - 成功加载FUNCTIONS配置
15:23:28 - INFO - 成功加载FUNCTIONS配置
15:23:43 - INFO - 成功加载FUNCTIONS配置
15:26:21 - INFO - 成功加载FUNCTIONS配置
16:07:08 - INFO - 成功加载FUNCTIONS配置
16:07:18 - INFO - 成功加载FUNCTIONS配置
16:07:56 - INFO - 成功加载FUNCTIONS配置
16:07:59 - INFO - 成功加载FUNCTIONS配置
16:10:29 - INFO - 成功加载FUNCTIONS配置
16:10:47 - INFO - 成功加载FUNCTIONS配置
16:11:03 - INFO - 成功加载FUNCTIONS配置
16:11:49 - INFO - 成功加载FUNCTIONS配置
16:11:52 - INFO - 成功加载FUNCTIONS配置
16:12:48 - INFO - 成功加载FUNCTIONS配置
16:13:16 - INFO - 成功加载FUNCTIONS配置
16:13:52 - INFO - 成功加载FUNCTIONS配置
16:13:55 - INFO - 成功加载FUNCTIONS配置
16:15:56 - INFO - 成功加载FUNCTIONS配置
16:16:21 - INFO - 成功加载FUNCTIONS配置
16:16:24 - INFO - 成功加载FUNCTIONS配置
16:22:32 - INFO - 成功加载FUNCTIONS配置
16:22:50 - INFO - 成功加载FUNCTIONS配置
16:22:53 - INFO - 成功加载FUNCTIONS配置
16:23:45 - INFO - 成功加载FUNCTIONS配置
16:23:48 - INFO - 成功加载FUNCTIONS配置
16:24:12 - INFO - 成功加载FUNCTIONS配置
16:24:12 - INFO - 成功加载FUNCTIONS配置
16:24:43 - INFO - 成功加载FUNCTIONS配置
16:24:43 - INFO - 成功加载FUNCTIONS配置
16:26:18 - INFO - 成功加载FUNCTIONS配置
16:26:21 - INFO - 成功加载FUNCTIONS配置
16:28:29 - INFO - 成功加载FUNCTIONS配置
16:28:32 - INFO - 成功加载FUNCTIONS配置
16:33:58 - INFO - 成功加载FUNCTIONS配置
16:34:15 - INFO - 成功加载FUNCTIONS配置
16:34:18 - INFO - 成功加载FUNCTIONS配置
16:36:01 - INFO - 成功加载FUNCTIONS配置
16:36:59 - INFO - 成功加载FUNCTIONS配置
16:38:26 - INFO - 成功加载FUNCTIONS配置
16:38:28 - INFO - 成功加载FUNCTIONS配置
16:43:02 - INFO - 成功加载FUNCTIONS配置
16:44:00 - INFO - 成功加载FUNCTIONS配置
16:45:27 - INFO - 成功加载FUNCTIONS配置
16:45:30 - INFO - 成功加载FUNCTIONS配置
16:49:14 - INFO - 成功加载FUNCTIONS配置
16:49:46 - INFO - 成功加载FUNCTIONS配置
16:51:24 - INFO - 成功加载FUNCTIONS配置
16:51:27 - INFO - 成功加载FUNCTIONS配置
16:54:11 - INFO - 成功加载FUNCTIONS配置
16:54:43 - INFO - 成功加载FUNCTIONS配置
16:54:46 - INFO - 成功加载FUNCTIONS配置
16:56:48 - INFO - 成功加载FUNCTIONS配置
16:56:52 - INFO - 成功加载FUNCTIONS配置
16:58:19 - INFO - 成功加载FUNCTIONS配置
16:58:28 - INFO - 成功加载FUNCTIONS配置
16:58:41 - ERROR - 未提供按钮坐标或按钮名称
17:01:26 - INFO - 成功加载FUNCTIONS配置
17:02:46 - INFO - 成功加载FUNCTIONS配置
17:03:50 - INFO - 成功加载FUNCTIONS配置
17:04:20 - INFO - 成功加载FUNCTIONS配置
17:19:15 - INFO - 成功加载FUNCTIONS配置
17:46:43 - INFO - 成功加载FUNCTIONS配置
17:47:35 - INFO - 成功加载FUNCTIONS配置
17:47:36 - INFO - 成功加载FUNCTIONS配置
17:55:37 - INFO - 成功加载FUNCTIONS配置
17:55:39 - INFO - 成功加载FUNCTIONS配置
17:56:00 - ERROR - SSH 连接失败: [Errno None] Unable to connect to port 22 on 192.168.1.100
17:56:03 - ERROR - SSH 连接失败: [Errno None] Unable to connect to port 22 on 192.168.1.100
17:57:19 - INFO - 成功加载FUNCTIONS配置
17:57:20 - INFO - 成功加载FUNCTIONS配置
17:58:03 - ERROR - SSH 连接失败: [Errno None] Unable to connect to port 22 on 192.168.1.100
17:58:05 - ERROR - SSH 连接失败: [Errno None] Unable to connect to port 22 on 192.168.1.100
17:58:13 - ERROR - SSH 连接失败: [Errno None] Unable to connect to port 22 on 192.168.1.100
17:58:16 - ERROR - SSH 连接失败: [Errno None] Unable to connect to port 22 on 192.168.1.100
17:59:05 - INFO - 成功加载FUNCTIONS配置
17:59:08 - INFO - 成功加载FUNCTIONS配置
17:59:09 - INFO - 成功加载FUNCTIONS配置
17:59:56 - INFO - SSH 连接成功
17:59:56 - DEBUG - 找到按钮 画中画 的坐标: (5249, 7838)
17:59:56 - DEBUG - 点击画中画按钮 (5249, 7838)
17:59:56 - DEBUG - 执行命令: python3 /app/jzj/touch_click.py 5249 7838
17:59:56 - ERROR - 点击按钮出错: python3: can't open file '/app/jzj/touch_click.py': [Errno 2] No such file or directory
17:59:56 - INFO - SSH 连接已关闭
18:00:32 - INFO - 成功加载FUNCTIONS配置
18:00:38 - INFO - 成功加载FUNCTIONS配置
18:00:46 - INFO - 成功加载FUNCTIONS配置
18:00:48 - INFO - 成功加载FUNCTIONS配置
18:00:49 - INFO - 成功加载FUNCTIONS配置
18:01:36 - INFO - 成功加载FUNCTIONS配置
18:01:41 - INFO - 成功加载FUNCTIONS配置
18:01:43 - INFO - 成功加载FUNCTIONS配置
18:03:02 - INFO - 成功加载FUNCTIONS配置
18:03:45 - INFO - 成功加载FUNCTIONS配置
18:05:00 - INFO - 成功加载FUNCTIONS配置
18:05:01 - INFO - 成功加载FUNCTIONS配置
18:06:26 - INFO - 成功加载FUNCTIONS配置
18:06:28 - INFO - 成功加载FUNCTIONS配置
18:10:46 - INFO - 成功加载FUNCTIONS配置
18:10:47 - INFO - 成功加载FUNCTIONS配置
18:16:32 - INFO - 成功加载FUNCTIONS配置
18:16:33 - INFO - 成功加载FUNCTIONS配置
18:19:14 - INFO - 成功加载FUNCTIONS配置
18:19:15 - INFO - 成功加载FUNCTIONS配置
18:20:04 - INFO - 成功加载FUNCTIONS配置
18:20:05 - INFO - 成功加载FUNCTIONS配置
18:20:42 - INFO - 成功加载FUNCTIONS配置
18:20:49 - INFO - 成功加载FUNCTIONS配置
18:20:50 - INFO - 成功加载FUNCTIONS配置
18:23:08 - INFO - 成功加载FUNCTIONS配置
18:23:25 - INFO - 成功加载FUNCTIONS配置
18:23:48 - INFO - 成功加载FUNCTIONS配置
18:23:51 - INFO - 成功加载FUNCTIONS配置
18:23:52 - INFO - 成功加载FUNCTIONS配置
18:27:04 - INFO - 成功加载FUNCTIONS配置
18:27:29 - INFO - 成功加载FUNCTIONS配置
08:56:15 - INFO - 成功加载FUNCTIONS配置
09:02:41 - INFO - 成功加载FUNCTIONS配置
09:06:20 - INFO - 成功加载FUNCTIONS配置
09:09:31 - INFO - 成功加载FUNCTIONS配置
09:09:32 - INFO - 成功加载FUNCTIONS配置
09:19:29 - INFO - 成功加载FUNCTIONS配置
09:23:45 - INFO - 成功加载FUNCTIONS配置
09:28:25 - INFO - 成功加载FUNCTIONS配置
09:35:17 - INFO - 成功加载FUNCTIONS配置
09:35:36 - INFO - 成功加载FUNCTIONS配置
09:36:24 - INFO - 成功加载FUNCTIONS配置
09:47:31 - INFO - 成功加载FUNCTIONS配置
09:47:32 - INFO - 成功加载FUNCTIONS配置
09:55:15 - INFO - 成功加载FUNCTIONS配置
09:55:40 - INFO - 成功加载FUNCTIONS配置
09:56:31 - INFO - 成功加载FUNCTIONS配置
09:58:12 - INFO - 成功加载FUNCTIONS配置
09:58:15 - INFO - 成功加载FUNCTIONS配置
10:00:23 - INFO - 成功加载FUNCTIONS配置
10:05:30 - INFO - 成功加载FUNCTIONS配置
10:05:55 - INFO - 成功加载FUNCTIONS配置
10:07:06 - INFO - 成功加载FUNCTIONS配置
10:08:20 - INFO - 成功加载FUNCTIONS配置
10:11:54 - INFO - 成功加载FUNCTIONS配置
10:12:58 - INFO - 成功加载FUNCTIONS配置
10:15:02 - INFO - 成功加载FUNCTIONS配置
10:15:46 - INFO - 成功加载FUNCTIONS配置
10:16:16 - INFO - 成功加载FUNCTIONS配置
10:17:14 - INFO - 成功加载FUNCTIONS配置
10:19:38 - INFO - 成功加载FUNCTIONS配置
10:22:08 - INFO - 成功加载FUNCTIONS配置
10:25:58 - INFO - 成功加载FUNCTIONS配置
10:28:43 - INFO - 成功加载FUNCTIONS配置
10:28:44 - INFO - 成功加载FUNCTIONS配置
10:29:36 - INFO - 成功加载FUNCTIONS配置
10:30:36 - INFO - 成功加载FUNCTIONS配置
10:31:13 - INFO - 成功加载FUNCTIONS配置
10:31:14 - INFO - 成功加载FUNCTIONS配置
10:32:51 - INFO - 成功加载FUNCTIONS配置
10:33:22 - INFO - 成功加载FUNCTIONS配置
10:33:23 - INFO - 成功加载FUNCTIONS配置
10:34:40 - INFO - 成功加载FUNCTIONS配置
10:35:17 - INFO - 成功加载FUNCTIONS配置
10:35:18 - INFO - 成功加载FUNCTIONS配置
10:38:04 - INFO - 成功加载FUNCTIONS配置
10:40:03 - INFO - 成功加载FUNCTIONS配置
10:41:49 - INFO - 成功加载FUNCTIONS配置
10:41:50 - INFO - 成功加载FUNCTIONS配置
10:42:48 - INFO - 成功加载FUNCTIONS配置
10:47:07 - INFO - 成功加载FUNCTIONS配置
10:49:16 - INFO - 成功加载FUNCTIONS配置
10:49:17 - INFO - 成功加载FUNCTIONS配置
10:54:31 - INFO - 成功加载FUNCTIONS配置
10:54:32 - INFO - 成功加载FUNCTIONS配置
10:55:45 - INFO - 成功加载FUNCTIONS配置
10:56:48 - INFO - 成功加载FUNCTIONS配置
10:57:24 - INFO - 成功加载FUNCTIONS配置
10:59:34 - INFO - 成功加载FUNCTIONS配置
11:04:29 - INFO - 成功加载FUNCTIONS配置
11:05:31 - INFO - 成功加载FUNCTIONS配置
11:07:34 - INFO - 成功加载FUNCTIONS配置
11:08:13 - INFO - 成功加载FUNCTIONS配置
11:09:03 - INFO - 成功加载FUNCTIONS配置
11:19:28 - INFO - 成功加载FUNCTIONS配置
11:19:29 - INFO - 成功加载FUNCTIONS配置
11:22:25 - INFO - 成功加载FUNCTIONS配置
11:25:12 - INFO - 成功加载FUNCTIONS配置
11:25:50 - INFO - 成功加载FUNCTIONS配置
11:26:09 - INFO - 成功加载FUNCTIONS配置
11:26:10 - INFO - 成功加载FUNCTIONS配置
11:27:16 - INFO - 成功加载FUNCTIONS配置
11:27:38 - INFO - 成功加载FUNCTIONS配置
11:39:51 - INFO - 成功加载FUNCTIONS配置
17:36:21 - INFO - 成功加载FUNCTIONS配置
17:53:53 - INFO - 成功加载FUNCTIONS配置
17:57:01 - INFO - 成功加载FUNCTIONS配置
17:57:30 - INFO - 成功加载FUNCTIONS配置
09:04:37 - INFO - 成功加载FUNCTIONS配置
09:20:01 - INFO - 成功加载FUNCTIONS配置
09:44:19 - INFO - 成功加载FUNCTIONS配置
15:34:36 - INFO - 成功加载FUNCTIONS配置
22:03:04 - INFO - 成功加载FUNCTIONS配置
22:03:21 - INFO - 成功加载FUNCTIONS配置
22:16:45 - INFO - 成功加载FUNCTIONS配置
22:18:57 - INFO - 成功加载FUNCTIONS配置
22:19:00 - INFO - 成功加载FUNCTIONS配置
22:20:44 - INFO - 成功加载FUNCTIONS配置
22:22:37 - INFO - 成功加载FUNCTIONS配置
22:23:48 - INFO - 成功加载FUNCTIONS配置
22:24:54 - INFO - 成功加载FUNCTIONS配置
22:25:07 - INFO - 成功加载FUNCTIONS配置
22:25:09 - INFO - 成功加载FUNCTIONS配置
16:26:55 - INFO - 成功加载FUNCTIONS配置
16:26:57 - INFO - 成功加载FUNCTIONS配置
16:31:12 - INFO - 成功加载FUNCTIONS配置
16:31:15 - INFO - 成功加载FUNCTIONS配置
16:32:13 - INFO - 成功加载FUNCTIONS配置
16:32:15 - INFO - 成功加载FUNCTIONS配置
16:32:22 - INFO - 成功加载FUNCTIONS配置
16:32:24 - INFO - 成功加载FUNCTIONS配置
16:32:34 - INFO - 成功加载FUNCTIONS配置
16:32:58 - DEBUG - SSH管理器初始化完成
16:39:06 - DEBUG - SSH管理器初始化完成
16:39:08 - DEBUG - SSH管理器初始化完成
16:40:06 - INFO - 成功加载FUNCTIONS配置
16:46:12 - INFO - 成功加载FUNCTIONS配置
16:48:32 - DEBUG - SSH管理器初始化完成
16:48:32 - DEBUG - 开始建立新的SSH连接...
16:48:47 - ERROR - SSH连接失败: Error reading SSH protocol banner
17:32:24 - INFO - 成功加载FUNCTIONS配置
09:00:37 - INFO - 成功加载FUNCTIONS配置
09:00:43 - INFO - 成功加载FUNCTIONS配置
09:12:30 - INFO - 成功加载FUNCTIONS配置
09:12:31 - INFO - 成功加载FUNCTIONS配置
10:51:31 - DEBUG - SSH管理器初始化完成
10:51:31 - DEBUG - 开始建立新的SSH连接...
10:51:52 - ERROR - SSH连接失败: [WinError 10060] 由于连接方在一段时间后没有正确答复或连接的主机没有反应，连接尝试失败。
10:59:44 - INFO - 成功加载FUNCTIONS配置
10:59:52 - INFO - 成功加载FUNCTIONS配置
11:11:01 - INFO - 成功加载FUNCTIONS配置
11:11:07 - INFO - 成功加载FUNCTIONS配置
11:25:05 - INFO - 成功加载FUNCTIONS配置
11:25:11 - INFO - 成功加载FUNCTIONS配置
13:24:44 - INFO - 成功加载FUNCTIONS配置
13:24:50 - INFO - 成功加载FUNCTIONS配置
13:29:26 - DEBUG - SSH管理器初始化完成
13:29:26 - DEBUG - 开始建立新的SSH连接...
13:29:26 - DEBUG - 开始建立新的SSH连接...
13:29:26 - DEBUG - 开始建立新的SSH连接...
13:29:47 - ERROR - SSH连接失败: [WinError 10060] 由于连接方在一段时间后没有正确答复或连接的主机没有反应，连接尝试失败。
13:29:47 - ERROR - SSH连接失败: [WinError 10060] 由于连接方在一段时间后没有正确答复或连接的主机没有反应，连接尝试失败。
13:29:47 - ERROR - SSH连接失败: [WinError 10060] 由于连接方在一段时间后没有正确答复或连接的主机没有反应，连接尝试失败。
